<?xml version="1.0" encoding="UTF-8"?>
<testng-results skipped="0" failed="1" total="3" passed="2">
  <reporter-output>
  </reporter-output>
  <suite name="Default suite" duration-ms="3867" started-at="2022-12-11T20:18:15Z" finished-at="2022-12-11T20:18:19Z">
    <groups>
    </groups>
    <test name="Default test" duration-ms="3867" started-at="2022-12-11T20:18:15Z" finished-at="2022-12-11T20:18:19Z">
      <class name="testCases.CreateOneProduct">
        <test-method status="PASS" signature="createOneProduct()[pri:1, instance:testCases.CreateOneProduct@6f7fd0e6]" name="createOneProduct" duration-ms="2024" started-at="2022-12-11T14:18:15Z" finished-at="2022-12-11T14:18:17Z">
          <reporter-output>
          </reporter-output>
        </test-method> <!-- createOneProduct -->
        <test-method status="PASS" signature="readAllProducts()[pri:2, instance:testCases.CreateOneProduct@6f7fd0e6]" name="readAllProducts" duration-ms="1300" started-at="2022-12-11T14:18:17Z" finished-at="2022-12-11T14:18:18Z">
          <reporter-output>
          </reporter-output>
        </test-method> <!-- readAllProducts -->
        <test-method status="FAIL" signature="readOneProduct()[pri:3, instance:testCases.CreateOneProduct@6f7fd0e6]" name="readOneProduct" duration-ms="527" started-at="2022-12-11T14:18:18Z" finished-at="2022-12-11T14:18:19Z">
          <exception class="java.lang.AssertionError">
            <message>
              <![CDATA[The following asserts failed:
	Product names are a not mathchin! expected [Amazing Headset 1.0 By MD] but found [null],
	expected [The best Headset for amazing programmers.] but found [null],
	expected [199] but found [null]]]>
            </message>
            <full-stacktrace>
              <![CDATA[java.lang.AssertionError: The following asserts failed:
	Product names are a not mathchin! expected [Amazing Headset 1.0 By MD] but found [null],
	expected [The best Headset for amazing programmers.] but found [null],
	expected [199] but found [null]
	at org.testng.asserts.SoftAssert.assertAll(SoftAssert.java:43)
	at testCases.CreateOneProduct.readOneProduct(CreateOneProduct.java:152)
	at sun.reflect.NativeMethodAccessorImpl.invoke0(Native Method)
	at sun.reflect.NativeMethodAccessorImpl.invoke(NativeMethodAccessorImpl.java:62)
	at sun.reflect.DelegatingMethodAccessorImpl.invoke(DelegatingMethodAccessorImpl.java:43)
	at java.lang.reflect.Method.invoke(Method.java:498)
	at org.testng.internal.MethodInvocationHelper.invokeMethod(MethodInvocationHelper.java:100)
	at org.testng.internal.Invoker.invokeMethod(Invoker.java:646)
	at org.testng.internal.Invoker.invokeTestMethod(Invoker.java:811)
	at org.testng.internal.Invoker.invokeTestMethods(Invoker.java:1137)
	at org.testng.internal.TestMethodWorker.invokeTestMethods(TestMethodWorker.java:129)
	at org.testng.internal.TestMethodWorker.run(TestMethodWorker.java:112)
	at org.testng.TestRunner.privateRun(TestRunner.java:753)
	at org.testng.TestRunner.run(TestRunner.java:607)
	at org.testng.SuiteRunner.runTest(SuiteRunner.java:368)
	at org.testng.SuiteRunner.runSequentially(SuiteRunner.java:363)
	at org.testng.SuiteRunner.privateRun(SuiteRunner.java:321)
	at org.testng.SuiteRunner.run(SuiteRunner.java:270)
	at org.testng.SuiteRunnerWorker.runSuite(SuiteRunnerWorker.java:52)
	at org.testng.SuiteRunnerWorker.run(SuiteRunnerWorker.java:86)
	at org.testng.TestNG.runSuitesSequentially(TestNG.java:1284)
	at org.testng.TestNG.runSuitesLocally(TestNG.java:1209)
	at org.testng.TestNG.runSuites(TestNG.java:1124)
	at org.testng.TestNG.run(TestNG.java:1096)
	at org.testng.remote.AbstractRemoteTestNG.run(AbstractRemoteTestNG.java:132)
	at org.testng.remote.RemoteTestNG.initAndRun(RemoteTestNG.java:236)
	at org.testng.remote.RemoteTestNG.main(RemoteTestNG.java:81)
]]>
            </full-stacktrace>
          </exception> <!-- java.lang.AssertionError -->
          <reporter-output>
          </reporter-output>
        </test-method> <!-- readOneProduct -->
      </class> <!-- testCases.CreateOneProduct -->
    </test> <!-- Default test -->
  </suite> <!-- Default suite -->
</testng-results>
